<?xml version="1.0" encoding="UTF-8"?>
<coverage generated="1536399744627" clover="3.2.0">
  <project timestamp="1536399744627" name="All files">
    <metrics statements="22" coveredstatements="10" conditionals="2" coveredconditionals="0" methods="4" coveredmethods="1" elements="28" coveredelements="11" complexity="0" loc="22" ncloc="22" packages="1" files="1" classes="1">
      <file name="index.js" path="C:\Users\Diana\Documents\cdmx-2018-01-FE-markdown\index.js">
        <metrics statements="22" coveredstatements="10" conditionals="2" coveredconditionals="0" methods="4" coveredmethods="1"/>
        <line num="2" count="1" type="stmt"/>
        <line num="4" count="1" type="stmt"/>
        <line num="6" count="1" type="stmt"/>
        <line num="12" count="1" type="stmt"/>
        <line num="13" count="1" type="stmt"/>
        <line num="15" count="1" type="stmt"/>
        <line num="17" count="1" type="stmt"/>
        <line num="18" count="0" type="cond" truecount="0" falsecount="2"/>
        <line num="19" count="0" type="stmt"/>
        <line num="21" count="0" type="stmt"/>
        <line num="22" count="0" type="stmt"/>
        <line num="25" count="1" type="stmt"/>
        <line num="28" count="1" type="stmt"/>
        <line num="29" count="0" type="stmt"/>
        <line num="30" count="0" type="stmt"/>
        <line num="32" count="0" type="stmt"/>
        <line num="33" count="0" type="stmt"/>
        <line num="34" count="0" type="stmt"/>
        <line num="39" count="0" type="stmt"/>
        <line num="41" count="0" type="stmt"/>
        <line num="42" count="0" type="stmt"/>
        <line num="46" count="1" type="stmt"/>
      </file>
    </metrics>
  </project>
</coverage>
