<?xml version="1.0" encoding="UTF-8"?>
<coverage generated="1536280927969" clover="3.2.0">
  <project timestamp="1536280927969" name="All files">
    <metrics statements="27" coveredstatements="11" conditionals="2" coveredconditionals="0" methods="6" coveredmethods="1" elements="35" coveredelements="12" complexity="0" loc="27" ncloc="27" packages="1" files="1" classes="1">
      <file name="index.js" path="C:\Users\Diana\Documents\cdmx-2018-01-FE-markdown\index.js">
        <metrics statements="27" coveredstatements="11" conditionals="2" coveredconditionals="0" methods="6" coveredmethods="1"/>
        <line num="2" count="1" type="stmt"/>
        <line num="4" count="1" type="stmt"/>
        <line num="6" count="1" type="stmt"/>
        <line num="12" count="1" type="stmt"/>
        <line num="13" count="1" type="stmt"/>
        <line num="15" count="1" type="stmt"/>
        <line num="17" count="1" type="stmt"/>
        <line num="18" count="0" type="cond" truecount="0" falsecount="2"/>
        <line num="19" count="0" type="stmt"/>
        <line num="21" count="0" type="stmt"/>
        <line num="22" count="0" type="stmt"/>
        <line num="26" count="1" type="stmt"/>
        <line num="35" count="1" type="stmt"/>
        <line num="36" count="0" type="stmt"/>
        <line num="37" count="0" type="stmt"/>
        <line num="39" count="0" type="stmt"/>
        <line num="40" count="0" type="stmt"/>
        <line num="41" count="0" type="stmt"/>
        <line num="46" count="0" type="stmt"/>
        <line num="48" count="0" type="stmt"/>
        <line num="49" count="0" type="stmt"/>
        <line num="50" count="0" type="stmt"/>
        <line num="53" count="1" type="stmt"/>
        <line num="54" count="0" type="stmt"/>
        <line num="55" count="0" type="stmt"/>
        <line num="56" count="0" type="stmt"/>
        <line num="62" count="1" type="stmt"/>
      </file>
    </metrics>
  </project>
</coverage>
