{"C:\\Users\\Diana\\Documents\\cdmx-2018-01-FE-markdown\\index.js": {"path":"C:\\Users\\Diana\\Documents\\cdmx-2018-01-FE-markdown\\index.js","statementMap":{"0":{"start":{"line":2,"column":13},"end":{"line":2,"column":28}},"1":{"start":{"line":4,"column":11},"end":{"line":4,"column":24}},"2":{"start":{"line":8,"column":19},"end":{"line":16,"column":1}},"3":{"start":{"line":10,"column":21},"end":{"line":10,"column":39}},"4":{"start":{"line":11,"column":2},"end":{"line":15,"column":5}},"5":{"start":{"line":13,"column":4},"end":{"line":13,"column":30}},"6":{"start":{"line":14,"column":4},"end":{"line":14,"column":22}},"7":{"start":{"line":17,"column":0},"end":{"line":17,"column":26}},"8":{"start":{"line":20,"column":20},"end":{"line":35,"column":1}},"9":{"start":{"line":21,"column":17},"end":{"line":21,"column":247}},"10":{"start":{"line":23,"column":20},"end":{"line":23,"column":38}},"11":{"start":{"line":24,"column":21},"end":{"line":33,"column":4}},"12":{"start":{"line":25,"column":22},"end":{"line":25,"column":62}},"13":{"start":{"line":27,"column":19},"end":{"line":31,"column":5}},"14":{"start":{"line":32,"column":4},"end":{"line":32,"column":18}},"15":{"start":{"line":34,"column":2},"end":{"line":34,"column":20}},"16":{"start":{"line":38,"column":0},"end":{"line":41,"column":2}}},"fnMap":{"0":{"name":"(anonymous_0)","decl":{"start":{"line":8,"column":19},"end":{"line":8,"column":20}},"loc":{"start":{"line":8,"column":29},"end":{"line":16,"column":1}},"line":8},"1":{"name":"(anonymous_1)","decl":{"start":{"line":11,"column":37},"end":{"line":11,"column":38}},"loc":{"start":{"line":11,"column":52},"end":{"line":15,"column":3}},"line":11},"2":{"name":"(anonymous_2)","decl":{"start":{"line":20,"column":20},"end":{"line":20,"column":21}},"loc":{"start":{"line":20,"column":30},"end":{"line":35,"column":1}},"line":20},"3":{"name":"(anonymous_3)","decl":{"start":{"line":24,"column":35},"end":{"line":24,"column":36}},"loc":{"start":{"line":24,"column":45},"end":{"line":33,"column":3}},"line":24}},"branchMap":{},"s":{"0":1,"1":1,"2":1,"3":1,"4":1,"5":0,"6":0,"7":1,"8":1,"9":0,"10":0,"11":0,"12":0,"13":0,"14":0,"15":0,"16":1},"f":{"0":1,"1":0,"2":0,"3":0},"b":{},"_coverageSchema":"332fd63041d2c1bcb487cc26dd0d5f7d97098a6c","hash":"d6957a91ad2a3ead6603b56758b7c2b358438cca"}
}
