TN:
SF:C:\Users\Diana\Documents\cdmx-2018-01-FE-markdown\index.js
FN:12,(anonymous_0)
FN:17,(anonymous_1)
FN:35,(anonymous_2)
FN:39,(anonymous_3)
FN:53,(anonymous_4)
FN:55,(anonymous_5)
FNF:6
FNH:1
FNDA:1,(anonymous_0)
FNDA:0,(anonymous_1)
FNDA:0,(anonymous_2)
FNDA:0,(anonymous_3)
FNDA:0,(anonymous_4)
FNDA:0,(anonymous_5)
DA:2,1
DA:4,1
DA:6,1
DA:12,1
DA:13,1
DA:15,1
DA:17,1
DA:18,0
DA:19,0
DA:21,0
DA:22,0
DA:26,1
DA:35,1
DA:36,0
DA:37,0
DA:39,0
DA:40,0
DA:41,0
DA:46,0
DA:48,0
DA:49,0
DA:50,0
DA:53,1
DA:54,0
DA:55,0
DA:56,0
DA:62,1
LF:27
LH:11
BRDA:18,0,0,0
BRDA:18,0,1,0
BRF:2
BRH:0
end_of_record
